Using pre-set license
Built from '2020.3/staging' branch; Version is '2020.3.24f1 (79c78de19888) revision 7980941'; Using compiler version '192528614'; Build Type 'Release'
OS: 'Windows 10  (10.0.19043) 64bit CoreSingleLanguage' Language: 'en' Physical Memory: 15706 MB
BatchMode: 1, IsHumanControllingUs: 0, StartBugReporterOnCrash: 0, Is64bit: 1, IsPro: 0

COMMAND LINE ARGUMENTS:
C:\Program Files\Unity\Hub\Editor\2020.3.24f1\Editor\Unity.exe
-adb2
-batchMode
-noUpm
-name
AssetImportWorker0
-projectPath
D:/MJU/3rdYears/Term2/cs222 Muitimedia/C3/Lab3-2/Lab3_2
-logFile
Logs/AssetImportWorker0.log
-srvPort
49297
Successfully changed project path to: D:/MJU/3rdYears/Term2/cs222 Muitimedia/C3/Lab3-2/Lab3_2
D:/MJU/3rdYears/Term2/cs222 Muitimedia/C3/Lab3-2/Lab3_2
Using Asset Import Pipeline V2.
Refreshing native plugins compatible for Editor in 66.83 ms, found 2 plugins.
Preloading 0 native plugins for Editor in 0.00 ms.
Initialize engine version: 2020.3.24f1 (79c78de19888)
[Subsystems] Discovering subsystems at path C:/Program Files/Unity/Hub/Editor/2020.3.24f1/Editor/Data/Resources/UnitySubsystems
[Subsystems] Discovering subsystems at path D:/MJU/3rdYears/Term2/cs222 Muitimedia/C3/Lab3-2/Lab3_2/Assets
GfxDevice: creating device client; threaded=0
Direct3D:
    Version:  Direct3D 11.0 [level 11.1]
    Renderer: AMD Radeon(TM) Graphics (ID=0x164c)
    Vendor:   
    VRAM:     7853 MB
    Driver:   27.20.14040.4
Initialize mono
Mono path[0] = 'C:/Program Files/Unity/Hub/Editor/2020.3.24f1/Editor/Data/Managed'
Mono path[1] = 'C:/Program Files/Unity/Hub/Editor/2020.3.24f1/Editor/Data/MonoBleedingEdge/lib/mono/unityjit'
Mono config path = 'C:/Program Files/Unity/Hub/Editor/2020.3.24f1/Editor/Data/MonoBleedingEdge/etc'
Using monoOptions --debugger-agent=transport=dt_socket,embedding=1,server=y,suspend=n,address=127.0.0.1:56552
Begin MonoManager ReloadAssembly
Registering precompiled unity dll's ...
Register platform support module: C:/Program Files/Unity/Hub/Editor/2020.3.24f1/Editor/Data/PlaybackEngines/WebGLSupport/UnityEditor.WebGL.Extensions.dll
Register platform support module: C:/Program Files/Unity/Hub/Editor/2020.3.24f1/Editor/Data/PlaybackEngines/WindowsStandaloneSupport/UnityEditor.WindowsStandalone.Extensions.dll
Registered in 0.005722 seconds.
Native extension for WindowsStandalone target not found
Native extension for WebGL target not found
Refreshing native plugins compatible for Editor in 67.14 ms, found 2 plugins.
Preloading 0 native plugins for Editor in 0.00 ms.
Mono: successfully reloaded assembly
- Completed reload, in  1.256 seconds
Domain Reload Profiling:
	ReloadAssembly (1257ms)
		BeginReloadAssembly (115ms)
			ExecutionOrderSort (0ms)
			DisableScriptedObjects (0ms)
			BackupInstance (0ms)
			ReleaseScriptingObjects (0ms)
			CreateAndSetChildDomain (1ms)
		EndReloadAssembly (974ms)
			LoadAssemblies (112ms)
			RebuildTransferFunctionScriptingTraits (0ms)
			SetupTypeCache (358ms)
			ReleaseScriptCaches (0ms)
			RebuildScriptCaches (63ms)
			SetupLoadedEditorAssemblies (340ms)
				LogAssemblyErrors (0ms)
				InitializePlatformSupportModulesInManaged (11ms)
				SetLoadedEditorAssemblies (0ms)
				RefreshPlugins (67ms)
				BeforeProcessingInitializeOnLoad (26ms)
				ProcessInitializeOnLoadAttributes (175ms)
				ProcessInitializeOnLoadMethodAttributes (59ms)
				AfterProcessingInitializeOnLoad (0ms)
				EditorAssembliesLoaded (1ms)
			ExecutionOrderSort2 (0ms)
			AwakeInstancesAfterBackupRestoration (0ms)
Platform modules already initialized, skipping
Registering precompiled user dll's ...
Registered in 0.006583 seconds.
Begin MonoManager ReloadAssembly
Native extension for WindowsStandalone target not found
Native extension for WebGL target not found
Refreshing native plugins compatible for Editor in 0.61 ms, found 2 plugins.
Preloading 0 native plugins for Editor in 0.00 ms.
Mono: successfully reloaded assembly
- Completed reload, in  2.012 seconds
Domain Reload Profiling:
	ReloadAssembly (2014ms)
		BeginReloadAssembly (266ms)
			ExecutionOrderSort (0ms)
			DisableScriptedObjects (9ms)
			BackupInstance (0ms)
			ReleaseScriptingObjects (0ms)
			CreateAndSetChildDomain (33ms)
		EndReloadAssembly (1620ms)
			LoadAssemblies (152ms)
			RebuildTransferFunctionScriptingTraits (0ms)
			SetupTypeCache (569ms)
			ReleaseScriptCaches (1ms)
			RebuildScriptCaches (110ms)
			SetupLoadedEditorAssemblies (590ms)
				LogAssemblyErrors (0ms)
				InitializePlatformSupportModulesInManaged (11ms)
				SetLoadedEditorAssemblies (1ms)
				RefreshPlugins (1ms)
				BeforeProcessingInitializeOnLoad (155ms)
				ProcessInitializeOnLoadAttributes (391ms)
				ProcessInitializeOnLoadMethodAttributes (19ms)
				AfterProcessingInitializeOnLoad (13ms)
				EditorAssembliesLoaded (0ms)
			ExecutionOrderSort2 (0ms)
			AwakeInstancesAfterBackupRestoration (13ms)
Platform modules already initialized, skipping
========================================================================
Worker process is ready to serve import requests
Launched and connected shader compiler UnityShaderCompiler.exe after 0.15 seconds
Refreshing native plugins compatible for Editor in 0.60 ms, found 2 plugins.
Preloading 0 native plugins for Editor in 0.00 ms.
Unloading 1510 Unused Serialized files (Serialized files now loaded: 0)
System memory in use before: 67.7 MB.
System memory in use after: 67.8 MB.

Unloading 19 unused Assets to reduce memory usage. Loaded Objects now: 1942.
Total: 5.482300 ms (FindLiveObjects: 0.280000 ms CreateObjectMapping: 0.067900 ms MarkObjects: 5.015000 ms  DeleteObjects: 0.116800 ms)

AssetImportParameters requested are different than current active one (requested -> active):
  custom:framework-win-MediaFoundation: 216162199b28c13a410421893ffa2e32 -> 
  custom:video-decoder-ogg-theora: a1e56fd34408186e4bbccfd4996cb3dc -> 
  custom:container-muxer-webm: aa71ff27fc2769a1b78a27578f13a17b -> 
  custom:container-demuxer-webm: 4f35f7cbe854078d1ac9338744f61a02 -> 
  custom:container-demuxer-ogg: 62fdf1f143b41e24485cea50d1cbac27 -> 
  custom:video-encoder-webm-vp8: eb34c28f22e8b96e1ab97ce403110664 -> 
  custom:video-codec-MediaFoundation-h265: 746d11721c4dcdbdad8f713fa42b33f4 -> 
  custom:video-decoder-webm-vp8: 9c59270c3fd7afecdb556c50c9e8de78 -> 
  custom:audio-decoder-ogg-vorbis: bf7c407c2cedff20999df2af8eb42d56 -> 
  custom:audio-encoder-webm-vorbis: bf7c407c2cedff20999df2af8eb42d56 -> 
========================================================================
Received Import Request.
  path: Assets/AssetsBackup/Big Enemy.prefab
  artifactKey: Guid(d58d69d140fa1d2458fd6f5d2554c33e) Importer(815301076,1909f56bfc062723c751e8b465ee728b)
Start importing Assets/AssetsBackup/Big Enemy.prefab using Guid(d58d69d140fa1d2458fd6f5d2554c33e) Importer(815301076,1909f56bfc062723c751e8b465ee728b)  -> (artifact id: '4c3c22f0bba46eeabfce7820e34de4ef') in 0.630552 seconds 
  Import took 0.635331 seconds .

========================================================================
Received Import Request.
  Time since last request: 0.000410 seconds.
  path: Assets/AssetsBackup/Health Bar.prefab
  artifactKey: Guid(d9be6ef6b41c9474c800175280857416) Importer(815301076,1909f56bfc062723c751e8b465ee728b)
Start importing Assets/AssetsBackup/Health Bar.prefab using Guid(d9be6ef6b41c9474c800175280857416) Importer(815301076,1909f56bfc062723c751e8b465ee728b)  -> (artifact id: 'd1fa339673d02b47aad5af4f47a497f3') in 0.014448 seconds 
  Import took 0.019011 seconds .

========================================================================
Received Import Request.
  Time since last request: 0.000389 seconds.
  path: Assets/AssetsBackup/myFrefabes
  artifactKey: Guid(78e8f1d3ae4b50d43837670f8e207dca) Importer(815301076,1909f56bfc062723c751e8b465ee728b)
Start importing Assets/AssetsBackup/myFrefabes using Guid(78e8f1d3ae4b50d43837670f8e207dca) Importer(815301076,1909f56bfc062723c751e8b465ee728b)  -> (artifact id: 'd43f9f1e865f0d8f774f521623f49532') in 0.011723 seconds 
  Import took 0.016253 seconds .

========================================================================
Received Import Request.
  Time since last request: 0.000478 seconds.
  path: Assets/AssetsBackup/player.mat
  artifactKey: Guid(c0363d03bb3fe6c4f96a8845d0aa891e) Importer(815301076,1909f56bfc062723c751e8b465ee728b)
Start importing Assets/AssetsBackup/player.mat using Guid(c0363d03bb3fe6c4f96a8845d0aa891e) Importer(815301076,1909f56bfc062723c751e8b465ee728b)  -> (artifact id: 'ed68c02a09b4c0b4b49de615f619607c') in 0.071367 seconds 
  Import took 0.076062 seconds .

========================================================================
Received Import Request.
  Time since last request: 0.000568 seconds.
  path: Assets/AssetsBackup
  artifactKey: Guid(360290dbd0607854498d4793be061e0c) Importer(815301076,1909f56bfc062723c751e8b465ee728b)
Start importing Assets/AssetsBackup using Guid(360290dbd0607854498d4793be061e0c) Importer(815301076,1909f56bfc062723c751e8b465ee728b)  -> (artifact id: 'd2a3cc58da7fd75e1558a39a4f024ca8') in 0.010822 seconds 
  Import took 0.015234 seconds .

========================================================================
Received Import Request.
  Time since last request: 0.000337 seconds.
  path: Assets/AssetsBackup/Bullet.prefab
  artifactKey: Guid(61ec5993e0d4dde43802ec90165a6295) Importer(815301076,1909f56bfc062723c751e8b465ee728b)
Start importing Assets/AssetsBackup/Bullet.prefab using Guid(61ec5993e0d4dde43802ec90165a6295) Importer(815301076,1909f56bfc062723c751e8b465ee728b)  -> (artifact id: 'ac7fbdd5fc23857a46b936de418f8caf') in 0.026116 seconds 
  Import took 0.031331 seconds .

========================================================================
Received Import Request.
  Time since last request: 0.000353 seconds.
  path: Assets/AssetsBackup/GroundMaterial.mat
  artifactKey: Guid(8d0ac78878dd4d84ea230c4f149e1dad) Importer(815301076,1909f56bfc062723c751e8b465ee728b)
Start importing Assets/AssetsBackup/GroundMaterial.mat using Guid(8d0ac78878dd4d84ea230c4f149e1dad) Importer(815301076,1909f56bfc062723c751e8b465ee728b)  -> (artifact id: 'db9c7933ca8e4008cebb160cf1d44a92') in 0.023783 seconds 
  Import took 0.028574 seconds .

========================================================================
Received Import Request.
  Time since last request: 0.000330 seconds.
  path: Assets/AssetsBackup/Enemy.prefab
  artifactKey: Guid(3b9a3731e01b08a4590f4e03752c2e53) Importer(815301076,1909f56bfc062723c751e8b465ee728b)
Start importing Assets/AssetsBackup/Enemy.prefab using Guid(3b9a3731e01b08a4590f4e03752c2e53) Importer(815301076,1909f56bfc062723c751e8b465ee728b)  -> (artifact id: 'fb834d6b910e426d9ef76f37ab36fa16') in 0.029191 seconds 
  Import took 0.034132 seconds .

========================================================================
Received Import Request.
  Time since last request: 0.000356 seconds.
  path: Assets/Scenes
  artifactKey: Guid(110b6405d2ce16d438d384a537356001) Importer(815301076,1909f56bfc062723c751e8b465ee728b)
Start importing Assets/Scenes using Guid(110b6405d2ce16d438d384a537356001) Importer(815301076,1909f56bfc062723c751e8b465ee728b)  -> (artifact id: 'd0e15d12036efeb87d75e46b8a34f0a1') in 0.013055 seconds 
  Import took 0.017590 seconds .

========================================================================
Received Import Request.
  Time since last request: 0.000613 seconds.
  path: Assets/AssetsBackup/Explosion Material.mat
  artifactKey: Guid(1bfbb8106ac4b5a43a6273eee4c83443) Importer(815301076,1909f56bfc062723c751e8b465ee728b)
Start importing Assets/AssetsBackup/Explosion Material.mat using Guid(1bfbb8106ac4b5a43a6273eee4c83443) Importer(815301076,1909f56bfc062723c751e8b465ee728b)  -> (artifact id: 'e7e58e1ef07444364fc6f24e9d65b63d') in 0.483803 seconds 
  Import took 0.489183 seconds .

========================================================================
Received Import Request.
  Time since last request: 0.000322 seconds.
  path: Assets/AssetsBackup/Shotgun.prefab
  artifactKey: Guid(02f8211f83cebd2499900c94fea12ad6) Importer(815301076,1909f56bfc062723c751e8b465ee728b)
Start importing Assets/AssetsBackup/Shotgun.prefab using Guid(02f8211f83cebd2499900c94fea12ad6) Importer(815301076,1909f56bfc062723c751e8b465ee728b)  -> (artifact id: 'f7c7c2188a0dc94f9094aca67ce08946') in 0.026299 seconds 
  Import took 0.030841 seconds .

========================================================================
Received Import Request.
  Time since last request: 0.000387 seconds.
  path: Assets/AssetsBackup/Explosion Material 1.mat
  artifactKey: Guid(98fa0561b657ee3418ca06f7b055df40) Importer(815301076,1909f56bfc062723c751e8b465ee728b)
Start importing Assets/AssetsBackup/Explosion Material 1.mat using Guid(98fa0561b657ee3418ca06f7b055df40) Importer(815301076,1909f56bfc062723c751e8b465ee728b)  -> (artifact id: '2db88b3069797d37ff00782d8beaaf39') in 0.023382 seconds 
  Import took 0.028127 seconds .

========================================================================
Received Import Request.
  Time since last request: 0.000381 seconds.
  path: Assets/AssetsBackup/Uzi.prefab
  artifactKey: Guid(cd874da41747c0749862cd81ae4b2352) Importer(815301076,1909f56bfc062723c751e8b465ee728b)
Start importing Assets/AssetsBackup/Uzi.prefab using Guid(cd874da41747c0749862cd81ae4b2352) Importer(815301076,1909f56bfc062723c751e8b465ee728b)  -> (artifact id: '0f8a1e4cb96f59c78afde7ee26752971') in 0.023658 seconds 
  Import took 0.032675 seconds .

========================================================================
Received Import Request.
  Time since last request: 0.000356 seconds.
  path: Assets/AssetsBackup/Rifle Bullet.prefab
  artifactKey: Guid(b4cd2a4b7b74d3d4f8f908c83b6089bc) Importer(815301076,1909f56bfc062723c751e8b465ee728b)
Start importing Assets/AssetsBackup/Rifle Bullet.prefab using Guid(b4cd2a4b7b74d3d4f8f908c83b6089bc) Importer(815301076,1909f56bfc062723c751e8b465ee728b)  -> (artifact id: '0fac69b11a2b5142522d2da1d2468346') in 0.022999 seconds 
  Import took 0.027670 seconds .

========================================================================
Received Import Request.
  Time since last request: 0.000504 seconds.
  path: Assets/AssetsBackup/EnemyMaterial.mat
  artifactKey: Guid(fd686efae55cda94cac2a789f73af24c) Importer(815301076,1909f56bfc062723c751e8b465ee728b)
Start importing Assets/AssetsBackup/EnemyMaterial.mat using Guid(fd686efae55cda94cac2a789f73af24c) Importer(815301076,1909f56bfc062723c751e8b465ee728b)  -> (artifact id: '9eba2ac8a8731ab9501ee57158eff14a') in 0.024405 seconds 
  Import took 0.029506 seconds .

========================================================================
Received Import Request.
  Time since last request: 0.000402 seconds.
  path: Assets/AssetsBackup/Player.prefab
  artifactKey: Guid(5b2e1ea14760c7e49b29d6e6a3f89011) Importer(815301076,1909f56bfc062723c751e8b465ee728b)
Start importing Assets/AssetsBackup/Player.prefab using Guid(5b2e1ea14760c7e49b29d6e6a3f89011) Importer(815301076,1909f56bfc062723c751e8b465ee728b)  -> (artifact id: '0117f4f628e6c2fac8ccedfb01233bf3') in 0.023212 seconds 
  Import took 0.028093 seconds .

========================================================================
Received Import Request.
  Time since last request: 0.000343 seconds.
  path: Assets/AssetsBackup/Explosion.prefab
  artifactKey: Guid(822733bc27a78b84b95415d6e5d18382) Importer(815301076,1909f56bfc062723c751e8b465ee728b)
Start importing Assets/AssetsBackup/Explosion.prefab using Guid(822733bc27a78b84b95415d6e5d18382) Importer(815301076,1909f56bfc062723c751e8b465ee728b)  -> (artifact id: '7f595ead75af9ce69e3297a79635ec24') in 0.026451 seconds 
  Import took 0.031880 seconds .

========================================================================
Received Import Request.
  Time since last request: 0.000354 seconds.
  path: Assets/AssetsBackup/Weapon.prefab
  artifactKey: Guid(88ea1d1a8ab1fbf45864becdaa9e73cf) Importer(815301076,1909f56bfc062723c751e8b465ee728b)
Start importing Assets/AssetsBackup/Weapon.prefab using Guid(88ea1d1a8ab1fbf45864becdaa9e73cf) Importer(815301076,1909f56bfc062723c751e8b465ee728b)  -> (artifact id: 'bdacc66abc865563ae4373e86e068293') in 0.026410 seconds 
  Import took 0.031677 seconds .

========================================================================
Received Import Request.
  Time since last request: 344.335189 seconds.
  path: Assets/MyPlane.mat
  artifactKey: Guid(2112428f9ff4c954a89194f70a158c87) Importer(815301076,1909f56bfc062723c751e8b465ee728b)
Start importing Assets/MyPlane.mat using Guid(2112428f9ff4c954a89194f70a158c87) Importer(815301076,1909f56bfc062723c751e8b465ee728b)  -> (artifact id: 'a922480cbff0de79d5e4fe70877bc7d4') in 0.017926 seconds 
  Import took 0.021472 seconds .

========================================================================
Received Import Request.
  Time since last request: 297.000179 seconds.
  path: Assets/snow_02_ao_4k.jpg
  artifactKey: Guid(abd28c9b7b8519947a1a8edfab27af9f) Importer(815301076,1909f56bfc062723c751e8b465ee728b)
Start importing Assets/snow_02_ao_4k.jpg using Guid(abd28c9b7b8519947a1a8edfab27af9f) Importer(815301076,1909f56bfc062723c751e8b465ee728b)  -> (artifact id: 'f0879f34cc787c43082eb99e9e6c86fc') in 0.069136 seconds 
  Import took 0.074972 seconds .

========================================================================
Received Import Request.
  Time since last request: 38.132228 seconds.
  path: Assets/New Material.mat
  artifactKey: Guid(fe232b371ec7f5e44b7878aa5352c429) Importer(815301076,1909f56bfc062723c751e8b465ee728b)
Start importing Assets/New Material.mat using Guid(fe232b371ec7f5e44b7878aa5352c429) Importer(815301076,1909f56bfc062723c751e8b465ee728b)  -> (artifact id: 'd52a2ea0878467fe1a1f34b6e519e7bc') in 0.028313 seconds 
  Import took 0.034063 seconds .

========================================================================
Received Import Request.
  Time since last request: 4.066725 seconds.
  path: Assets/Materials/snow_02_ao_4k.mat
  artifactKey: Guid(f67c5fd5cdcb7a24d98c2d296280e46f) Importer(815301076,1909f56bfc062723c751e8b465ee728b)
Start importing Assets/Materials/snow_02_ao_4k.mat using Guid(f67c5fd5cdcb7a24d98c2d296280e46f) Importer(815301076,1909f56bfc062723c751e8b465ee728b)  -> (artifact id: 'f46f560c8bfac04ad2aab1d3587b9ed9') in 0.025203 seconds 
  Import took 0.031427 seconds .

========================================================================
Received Import Request.
  Time since last request: 82.184169 seconds.
  path: Assets/Materials/MySky.mat
  artifactKey: Guid(9ca6ae3db17a57542ada80ea0d86e5a0) Importer(815301076,1909f56bfc062723c751e8b465ee728b)
Start importing Assets/Materials/MySky.mat using Guid(9ca6ae3db17a57542ada80ea0d86e5a0) Importer(815301076,1909f56bfc062723c751e8b465ee728b)  -> (artifact id: 'b5d0fe37a4cffb7bb0c78f73a9163a08') in 0.026762 seconds 
  Import took 0.031887 seconds .

========================================================================
Received Import Request.
  Time since last request: 114.401354 seconds.
  path: Assets/Materials/snowy_field.jpg
  artifactKey: Guid(4171bbbd64c251748864088c412a3ee1) Importer(815301076,1909f56bfc062723c751e8b465ee728b)
Start importing Assets/Materials/snowy_field.jpg using Guid(4171bbbd64c251748864088c412a3ee1) Importer(815301076,1909f56bfc062723c751e8b465ee728b)  -> (artifact id: '42a4a282c484350f18ef867966c8d60a') in 0.029882 seconds 
  Import took 0.038560 seconds .

========================================================================
Received Import Request.
  Time since last request: 121.598359 seconds.
  path: Assets/Materials
  artifactKey: Guid(e3afceaa20554d94087a72d3bf7faaed) Importer(815301076,1909f56bfc062723c751e8b465ee728b)
Start importing Assets/Materials using Guid(e3afceaa20554d94087a72d3bf7faaed) Importer(815301076,1909f56bfc062723c751e8b465ee728b)  -> (artifact id: 'f4ae38b5e7a41dabe43d346259f01143') in 0.014883 seconds 
  Import took 0.020496 seconds .

========================================================================
Received Import Request.
  Time since last request: 105.693248 seconds.
  path: Assets
  artifactKey: Guid(00000000000000001000000000000000) Importer(815301076,1909f56bfc062723c751e8b465ee728b)
Start importing Assets using Guid(00000000000000001000000000000000) Importer(815301076,1909f56bfc062723c751e8b465ee728b)  -> (artifact id: '42d402b061de3733987d63b9cc3b64de') in 0.013880 seconds 
  Import took 0.020250 seconds .

========================================================================
Received Prepare
Registering precompiled user dll's ...
Registered in 0.009329 seconds.
Begin MonoManager ReloadAssembly
Native extension for WindowsStandalone target not found
Native extension for WebGL target not found
Refreshing native plugins compatible for Editor in 1.39 ms, found 2 plugins.
Preloading 0 native plugins for Editor in 0.00 ms.
Mono: successfully reloaded assembly
- Completed reload, in  2.158 seconds
Domain Reload Profiling:
	ReloadAssembly (2159ms)
		BeginReloadAssembly (292ms)
			ExecutionOrderSort (0ms)
			DisableScriptedObjects (12ms)
			BackupInstance (0ms)
			ReleaseScriptingObjects (0ms)
			CreateAndSetChildDomain (63ms)
		EndReloadAssembly (1737ms)
			LoadAssemblies (252ms)
			RebuildTransferFunctionScriptingTraits (0ms)
			SetupTypeCache (641ms)
			ReleaseScriptCaches (2ms)
			RebuildScriptCaches (79ms)
			SetupLoadedEditorAssemblies (639ms)
				LogAssemblyErrors (0ms)
				InitializePlatformSupportModulesInManaged (12ms)
				SetLoadedEditorAssemblies (1ms)
				RefreshPlugins (2ms)
				BeforeProcessingInitializeOnLoad (186ms)
				ProcessInitializeOnLoadAttributes (404ms)
				ProcessInitializeOnLoadMethodAttributes (19ms)
				AfterProcessingInitializeOnLoad (14ms)
				EditorAssembliesLoaded (0ms)
			ExecutionOrderSort2 (0ms)
			AwakeInstancesAfterBackupRestoration (14ms)
Platform modules already initialized, skipping
Refreshing native plugins compatible for Editor in 0.72 ms, found 2 plugins.
Preloading 0 native plugins for Editor in 0.00 ms.
Unloading 1505 Unused Serialized files (Serialized files now loaded: 0)
System memory in use before: 71.1 MB.
System memory in use after: 71.2 MB.

Unloading 15 unused Assets to reduce memory usage. Loaded Objects now: 1991.
Total: 7.295300 ms (FindLiveObjects: 0.278000 ms CreateObjectMapping: 0.096200 ms MarkObjects: 6.849700 ms  DeleteObjects: 0.069000 ms)

AssetImportParameters requested are different than current active one (requested -> active):
  custom:framework-win-MediaFoundation: 216162199b28c13a410421893ffa2e32 -> 
  custom:video-decoder-ogg-theora: a1e56fd34408186e4bbccfd4996cb3dc -> 
  custom:container-muxer-webm: aa71ff27fc2769a1b78a27578f13a17b -> 
  custom:container-demuxer-webm: 4f35f7cbe854078d1ac9338744f61a02 -> 
  custom:container-demuxer-ogg: 62fdf1f143b41e24485cea50d1cbac27 -> 
  custom:video-encoder-webm-vp8: eb34c28f22e8b96e1ab97ce403110664 -> 
  custom:video-codec-MediaFoundation-h265: 746d11721c4dcdbdad8f713fa42b33f4 -> 
  custom:video-decoder-webm-vp8: 9c59270c3fd7afecdb556c50c9e8de78 -> 
  custom:audio-decoder-ogg-vorbis: bf7c407c2cedff20999df2af8eb42d56 -> 
  custom:audio-encoder-webm-vorbis: bf7c407c2cedff20999df2af8eb42d56 -> 
========================================================================
Received Import Request.
  Time since last request: 23.822709 seconds.
  path: Assets/MyEnemy.cs
  artifactKey: Guid(c6a3e0e3510c5894e8d650b22328a6c4) Importer(815301076,1909f56bfc062723c751e8b465ee728b)
Start importing Assets/MyEnemy.cs using Guid(c6a3e0e3510c5894e8d650b22328a6c4) Importer(815301076,1909f56bfc062723c751e8b465ee728b)  -> (artifact id: '732fb75ee154918463a0795abcabd71a') in 0.072791 seconds 
  Import took 0.077842 seconds .

========================================================================
Received Prepare
Registering precompiled user dll's ...
Registered in 0.005435 seconds.
Begin MonoManager ReloadAssembly
Native extension for WindowsStandalone target not found
Native extension for WebGL target not found
Refreshing native plugins compatible for Editor in 0.62 ms, found 2 plugins.
Preloading 0 native plugins for Editor in 0.00 ms.
Mono: successfully reloaded assembly
- Completed reload, in  2.118 seconds
Domain Reload Profiling:
	ReloadAssembly (2119ms)
		BeginReloadAssembly (202ms)
			ExecutionOrderSort (0ms)
			DisableScriptedObjects (10ms)
			BackupInstance (0ms)
			ReleaseScriptingObjects (0ms)
			CreateAndSetChildDomain (67ms)
		EndReloadAssembly (1750ms)
			LoadAssemblies (203ms)
			RebuildTransferFunctionScriptingTraits (0ms)
			SetupTypeCache (690ms)
			ReleaseScriptCaches (1ms)
			RebuildScriptCaches (77ms)
			SetupLoadedEditorAssemblies (576ms)
				LogAssemblyErrors (0ms)
				InitializePlatformSupportModulesInManaged (11ms)
				SetLoadedEditorAssemblies (1ms)
				RefreshPlugins (1ms)
				BeforeProcessingInitializeOnLoad (158ms)
				ProcessInitializeOnLoadAttributes (372ms)
				ProcessInitializeOnLoadMethodAttributes (17ms)
				AfterProcessingInitializeOnLoad (16ms)
				EditorAssembliesLoaded (1ms)
			ExecutionOrderSort2 (0ms)
			AwakeInstancesAfterBackupRestoration (13ms)
Platform modules already initialized, skipping
Refreshing native plugins compatible for Editor in 0.62 ms, found 2 plugins.
Preloading 0 native plugins for Editor in 0.00 ms.
Unloading 1505 Unused Serialized files (Serialized files now loaded: 0)
System memory in use before: 71.1 MB.
System memory in use after: 71.2 MB.

Unloading 14 unused Assets to reduce memory usage. Loaded Objects now: 1993.
Total: 6.643900 ms (FindLiveObjects: 0.263400 ms CreateObjectMapping: 0.064200 ms MarkObjects: 6.133600 ms  DeleteObjects: 0.177900 ms)

AssetImportParameters requested are different than current active one (requested -> active):
  custom:framework-win-MediaFoundation: 216162199b28c13a410421893ffa2e32 -> 
  custom:video-decoder-ogg-theora: a1e56fd34408186e4bbccfd4996cb3dc -> 
  custom:container-muxer-webm: aa71ff27fc2769a1b78a27578f13a17b -> 
  custom:container-demuxer-webm: 4f35f7cbe854078d1ac9338744f61a02 -> 
  custom:container-demuxer-ogg: 62fdf1f143b41e24485cea50d1cbac27 -> 
  custom:video-encoder-webm-vp8: eb34c28f22e8b96e1ab97ce403110664 -> 
  custom:video-codec-MediaFoundation-h265: 746d11721c4dcdbdad8f713fa42b33f4 -> 
  custom:video-decoder-webm-vp8: 9c59270c3fd7afecdb556c50c9e8de78 -> 
  custom:audio-decoder-ogg-vorbis: bf7c407c2cedff20999df2af8eb42d56 -> 
  custom:audio-encoder-webm-vorbis: bf7c407c2cedff20999df2af8eb42d56 -> 
========================================================================
Received Import Request.
  Time since last request: 231.639301 seconds.
  path: Assets/Materials/Materials
  artifactKey: Guid(f51fba25d8ed3594dbd2a4a9ace30084) Importer(815301076,1909f56bfc062723c751e8b465ee728b)
Start importing Assets/Materials/Materials using Guid(f51fba25d8ed3594dbd2a4a9ace30084) Importer(815301076,1909f56bfc062723c751e8b465ee728b)  -> (artifact id: 'e43724a07382d8fbce0abbaddd46daa4') in 0.020496 seconds 
  Import took 0.027461 seconds .

========================================================================
Received Import Request.
  Time since last request: 0.046626 seconds.
  path: Assets/Materials/Materials/snow_02_ao_4k.mat
  artifactKey: Guid(7ffb79d71a64f634194fc71eac1eaadb) Importer(815301076,1909f56bfc062723c751e8b465ee728b)
Start importing Assets/Materials/Materials/snow_02_ao_4k.mat using Guid(7ffb79d71a64f634194fc71eac1eaadb) Importer(815301076,1909f56bfc062723c751e8b465ee728b)  -> (artifact id: 'd4c47d37296efb3dd064e10eadf3e213') in 0.149068 seconds 
  Import took 0.155250 seconds .

========================================================================
Received Import Request.
  Time since last request: 204.111429 seconds.
  path: Assets/Materials/MyPlane.mat
  artifactKey: Guid(2112428f9ff4c954a89194f70a158c87) Importer(815301076,1909f56bfc062723c751e8b465ee728b)
Start importing Assets/Materials/MyPlane.mat using Guid(2112428f9ff4c954a89194f70a158c87) Importer(815301076,1909f56bfc062723c751e8b465ee728b)  -> (artifact id: '7a1a4fa68523b3346012db1f3a74dee5') in 0.037741 seconds 
  Import took 0.044590 seconds .

========================================================================
Received Import Request.
  Time since last request: 0.000520 seconds.
  path: Assets/Materials/MySky.mat
  artifactKey: Guid(9ca6ae3db17a57542ada80ea0d86e5a0) Importer(815301076,1909f56bfc062723c751e8b465ee728b)
Start importing Assets/Materials/MySky.mat using Guid(9ca6ae3db17a57542ada80ea0d86e5a0) Importer(815301076,1909f56bfc062723c751e8b465ee728b)  -> (artifact id: '028bab66a7935e6e639161ce8bec1a5e') in 0.037570 seconds 
  Import took 0.044057 seconds .

========================================================================
Received Import Request.
  Time since last request: 163.711355 seconds.
  path: Assets/Materials/RedColor.mat
  artifactKey: Guid(374a3f322a3ea254cb091c829c45e368) Importer(815301076,1909f56bfc062723c751e8b465ee728b)
Start importing Assets/Materials/RedColor.mat using Guid(374a3f322a3ea254cb091c829c45e368) Importer(815301076,1909f56bfc062723c751e8b465ee728b)  -> (artifact id: '33e42ada879dba8ca347fea8130d7bdc') in 0.031370 seconds 
  Import took 0.036335 seconds .

========================================================================
Received Import Request.
  Time since last request: 129.003574 seconds.
  path: Assets/Materials/MyPlane.mat
  artifactKey: Guid(2112428f9ff4c954a89194f70a158c87) Importer(815301076,1909f56bfc062723c751e8b465ee728b)
Start importing Assets/Materials/MyPlane.mat using Guid(2112428f9ff4c954a89194f70a158c87) Importer(815301076,1909f56bfc062723c751e8b465ee728b)  -> (artifact id: '43431921581a8123b8d4c7ee71f6d00c') in 0.035167 seconds 
  Import took 0.040872 seconds .

========================================================================
Received Import Request.
  Time since last request: 0.000440 seconds.
  path: Assets/Materials/RedColor.mat
  artifactKey: Guid(374a3f322a3ea254cb091c829c45e368) Importer(815301076,1909f56bfc062723c751e8b465ee728b)
Start importing Assets/Materials/RedColor.mat using Guid(374a3f322a3ea254cb091c829c45e368) Importer(815301076,1909f56bfc062723c751e8b465ee728b)  -> (artifact id: '2701fecbad4c3a91c8dbd72fb0c774ad') in 0.027001 seconds 
  Import took 0.032873 seconds .

========================================================================
Received Import Request.
  Time since last request: 44.018976 seconds.
  path: Assets/AssetsBackup/HealthSystem.cs
  artifactKey: Guid(21cce280ce77b8144a0d1b98913b9d56) Importer(815301076,1909f56bfc062723c751e8b465ee728b)
Start importing Assets/AssetsBackup/HealthSystem.cs using Guid(21cce280ce77b8144a0d1b98913b9d56) Importer(815301076,1909f56bfc062723c751e8b465ee728b)  -> (artifact id: 'cb946ec817112071b9599546d7e935e8') in 0.010981 seconds 
  Import took 0.015714 seconds .

========================================================================
Received Import Request.
  Time since last request: 9.158741 seconds.
  path: Assets/AssetsBackup/myFrefabes/Canvas.prefab
  artifactKey: Guid(15f47d3437d567347a17a879b30ce545) Importer(815301076,1909f56bfc062723c751e8b465ee728b)
Start importing Assets/AssetsBackup/myFrefabes/Canvas.prefab using Guid(15f47d3437d567347a17a879b30ce545) Importer(815301076,1909f56bfc062723c751e8b465ee728b)  -> (artifact id: 'b4681a63d145a62047af1864b7373bdf') in 0.026390 seconds 
  Import took 0.031663 seconds .

========================================================================
Received Import Request.
  Time since last request: 0.000487 seconds.
  path: Assets/AssetsBackup/myFrefabes/Uzi.prefab
  artifactKey: Guid(d1be2cd07f6ab744c945e948f5a8c7a5) Importer(815301076,1909f56bfc062723c751e8b465ee728b)
Start importing Assets/AssetsBackup/myFrefabes/Uzi.prefab using Guid(d1be2cd07f6ab744c945e948f5a8c7a5) Importer(815301076,1909f56bfc062723c751e8b465ee728b)  -> (artifact id: 'f0154478de8fa6429829804f3742a425') in 0.036209 seconds 
  Import took 0.041346 seconds .

========================================================================
Received Import Request.
  Time since last request: 0.000372 seconds.
  path: Assets/AssetsBackup/myFrefabes/Spawn Point.prefab
  artifactKey: Guid(399edc2fe94ed064cbb3a09401a93b7b) Importer(815301076,1909f56bfc062723c751e8b465ee728b)
Start importing Assets/AssetsBackup/myFrefabes/Spawn Point.prefab using Guid(399edc2fe94ed064cbb3a09401a93b7b) Importer(815301076,1909f56bfc062723c751e8b465ee728b)  -> (artifact id: 'b0923c1041da3e36dc234272ac5633ab') in 0.017027 seconds 
  Import took 0.021722 seconds .

========================================================================
Received Import Request.
  Time since last request: 0.000690 seconds.
  path: Assets/AssetsBackup/myFrefabes/Shotgun.prefab
  artifactKey: Guid(e7ce7452ba874bb4198e290e3b296b5b) Importer(815301076,1909f56bfc062723c751e8b465ee728b)
Start importing Assets/AssetsBackup/myFrefabes/Shotgun.prefab using Guid(e7ce7452ba874bb4198e290e3b296b5b) Importer(815301076,1909f56bfc062723c751e8b465ee728b)  -> (artifact id: 'cac48c1e1fae22d6cd06ac2b63689c54') in 0.026658 seconds 
  Import took 0.031982 seconds .

========================================================================
Received Import Request.
  Time since last request: 0.000391 seconds.
  path: Assets/AssetsBackup/myFrefabes/Player.prefab
  artifactKey: Guid(87a4a037f1040934fa7feae073560586) Importer(815301076,1909f56bfc062723c751e8b465ee728b)
Start importing Assets/AssetsBackup/myFrefabes/Player.prefab using Guid(87a4a037f1040934fa7feae073560586) Importer(815301076,1909f56bfc062723c751e8b465ee728b)  -> (artifact id: 'c23638d3033b175a7f53244fe0565d55') in 0.038228 seconds 
  Import took 0.043504 seconds .

========================================================================
Received Import Request.
  Time since last request: 0.000418 seconds.
  path: Assets/AssetsBackup/myFrefabes/EventSystem.prefab
  artifactKey: Guid(34f535f14fcdccd4bb40081258cab370) Importer(815301076,1909f56bfc062723c751e8b465ee728b)
Start importing Assets/AssetsBackup/myFrefabes/EventSystem.prefab using Guid(34f535f14fcdccd4bb40081258cab370) Importer(815301076,1909f56bfc062723c751e8b465ee728b)  -> (artifact id: 'aea979b6f6b48041a791010ad9f48122') in 0.022589 seconds 
  Import took 0.027754 seconds .

========================================================================
Received Import Request.
  Time since last request: 0.000498 seconds.
  path: Assets/AssetsBackup/myFrefabes/Rifle.prefab
  artifactKey: Guid(3caf1146926b5af4baa595ffc5e9f727) Importer(815301076,1909f56bfc062723c751e8b465ee728b)
Start importing Assets/AssetsBackup/myFrefabes/Rifle.prefab using Guid(3caf1146926b5af4baa595ffc5e9f727) Importer(815301076,1909f56bfc062723c751e8b465ee728b)  -> (artifact id: '5991b8f719be043f9e037952e52087e2') in 0.034053 seconds 
  Import took 0.039692 seconds .

========================================================================
Received Import Request.
  Time since last request: 0.000402 seconds.
  path: Assets/AssetsBackup/myFrefabes/Enemy Spawner.prefab
  artifactKey: Guid(6d104f487ec8e7d47833e93039660892) Importer(815301076,1909f56bfc062723c751e8b465ee728b)
Start importing Assets/AssetsBackup/myFrefabes/Enemy Spawner.prefab using Guid(6d104f487ec8e7d47833e93039660892) Importer(815301076,1909f56bfc062723c751e8b465ee728b)  -> (artifact id: '8f109f2ecdf9db3087fca32de3ed2f6b') in 0.037009 seconds 
  Import took 0.044135 seconds .

========================================================================
Received Import Request.
  Time since last request: 333.723340 seconds.
  path: Assets/AssetsBackup/Resources
  artifactKey: Guid(1c1c1020b88ace149bf51d9171f503d0) Importer(815301076,1909f56bfc062723c751e8b465ee728b)
Start importing Assets/AssetsBackup/Resources using Guid(1c1c1020b88ace149bf51d9171f503d0) Importer(815301076,1909f56bfc062723c751e8b465ee728b)  -> (artifact id: '23637cb03faebd8e630f65642ea8320f') in 0.013319 seconds 
  Import took 0.019911 seconds .

========================================================================
Received Prepare
Registering precompiled user dll's ...
Registered in 0.005630 seconds.
Begin MonoManager ReloadAssembly
Native extension for WindowsStandalone target not found
Native extension for WebGL target not found
Refreshing native plugins compatible for Editor in 0.69 ms, found 2 plugins.
Preloading 0 native plugins for Editor in 0.00 ms.
Mono: successfully reloaded assembly
- Completed reload, in  2.297 seconds
Domain Reload Profiling:
	ReloadAssembly (2298ms)
		BeginReloadAssembly (309ms)
			ExecutionOrderSort (0ms)
			DisableScriptedObjects (10ms)
			BackupInstance (0ms)
			ReleaseScriptingObjects (0ms)
			CreateAndSetChildDomain (70ms)
		EndReloadAssembly (1824ms)
			LoadAssemblies (263ms)
			RebuildTransferFunctionScriptingTraits (0ms)
			SetupTypeCache (690ms)
			ReleaseScriptCaches (2ms)
			RebuildScriptCaches (87ms)
			SetupLoadedEditorAssemblies (635ms)
				LogAssemblyErrors (0ms)
				InitializePlatformSupportModulesInManaged (12ms)
				SetLoadedEditorAssemblies (1ms)
				RefreshPlugins (1ms)
				BeforeProcessingInitializeOnLoad (171ms)
				ProcessInitializeOnLoadAttributes (413ms)
				ProcessInitializeOnLoadMethodAttributes (22ms)
				AfterProcessingInitializeOnLoad (14ms)
				EditorAssembliesLoaded (0ms)
			ExecutionOrderSort2 (0ms)
			AwakeInstancesAfterBackupRestoration (14ms)
Platform modules already initialized, skipping
Refreshing native plugins compatible for Editor in 0.91 ms, found 2 plugins.
Preloading 0 native plugins for Editor in 0.00 ms.
Unloading 1505 Unused Serialized files (Serialized files now loaded: 0)
System memory in use before: 71.3 MB.
System memory in use after: 71.4 MB.

Unloading 15 unused Assets to reduce memory usage. Loaded Objects now: 1999.
Total: 8.727600 ms (FindLiveObjects: 0.615400 ms CreateObjectMapping: 0.197100 ms MarkObjects: 7.847800 ms  DeleteObjects: 0.063400 ms)

AssetImportParameters requested are different than current active one (requested -> active):
  custom:framework-win-MediaFoundation: 216162199b28c13a410421893ffa2e32 -> 
  custom:video-decoder-ogg-theora: a1e56fd34408186e4bbccfd4996cb3dc -> 
  custom:container-muxer-webm: aa71ff27fc2769a1b78a27578f13a17b -> 
  custom:container-demuxer-webm: 4f35f7cbe854078d1ac9338744f61a02 -> 
  custom:container-demuxer-ogg: 62fdf1f143b41e24485cea50d1cbac27 -> 
  custom:video-encoder-webm-vp8: eb34c28f22e8b96e1ab97ce403110664 -> 
  custom:video-codec-MediaFoundation-h265: 746d11721c4dcdbdad8f713fa42b33f4 -> 
  custom:video-decoder-webm-vp8: 9c59270c3fd7afecdb556c50c9e8de78 -> 
  custom:audio-decoder-ogg-vorbis: bf7c407c2cedff20999df2af8eb42d56 -> 
  custom:audio-encoder-webm-vorbis: bf7c407c2cedff20999df2af8eb42d56 -> 
========================================================================
Received Prepare
Registering precompiled user dll's ...
Registered in 0.002517 seconds.
Begin MonoManager ReloadAssembly
Native extension for WindowsStandalone target not found
Native extension for WebGL target not found
Refreshing native plugins compatible for Editor in 0.52 ms, found 2 plugins.
Preloading 0 native plugins for Editor in 0.00 ms.
Mono: successfully reloaded assembly
- Completed reload, in  1.024 seconds
Domain Reload Profiling:
	ReloadAssembly (1024ms)
		BeginReloadAssembly (119ms)
			ExecutionOrderSort (0ms)
			DisableScriptedObjects (4ms)
			BackupInstance (0ms)
			ReleaseScriptingObjects (0ms)
			CreateAndSetChildDomain (38ms)
		EndReloadAssembly (845ms)
			LoadAssemblies (83ms)
			RebuildTransferFunctionScriptingTraits (0ms)
			SetupTypeCache (273ms)
			ReleaseScriptCaches (1ms)
			RebuildScriptCaches (53ms)
			SetupLoadedEditorAssemblies (275ms)
				LogAssemblyErrors (0ms)
				InitializePlatformSupportModulesInManaged (10ms)
				SetLoadedEditorAssemblies (1ms)
				RefreshPlugins (1ms)
				BeforeProcessingInitializeOnLoad (80ms)
				ProcessInitializeOnLoadAttributes (169ms)
				ProcessInitializeOnLoadMethodAttributes (7ms)
				AfterProcessingInitializeOnLoad (9ms)
				EditorAssembliesLoaded (0ms)
			ExecutionOrderSort2 (0ms)
			AwakeInstancesAfterBackupRestoration (6ms)
Platform modules already initialized, skipping
Refreshing native plugins compatible for Editor in 0.55 ms, found 2 plugins.
Preloading 0 native plugins for Editor in 0.00 ms.
Unloading 1505 Unused Serialized files (Serialized files now loaded: 0)
System memory in use before: 71.3 MB.
System memory in use after: 71.4 MB.

Unloading 14 unused Assets to reduce memory usage. Loaded Objects now: 2001.
Total: 3.143100 ms (FindLiveObjects: 0.287300 ms CreateObjectMapping: 0.051100 ms MarkObjects: 2.780200 ms  DeleteObjects: 0.022100 ms)

AssetImportParameters requested are different than current active one (requested -> active):
  custom:framework-win-MediaFoundation: 216162199b28c13a410421893ffa2e32 -> 
  custom:video-decoder-ogg-theora: a1e56fd34408186e4bbccfd4996cb3dc -> 
  custom:container-muxer-webm: aa71ff27fc2769a1b78a27578f13a17b -> 
  custom:container-demuxer-webm: 4f35f7cbe854078d1ac9338744f61a02 -> 
  custom:container-demuxer-ogg: 62fdf1f143b41e24485cea50d1cbac27 -> 
  custom:video-encoder-webm-vp8: eb34c28f22e8b96e1ab97ce403110664 -> 
  custom:video-codec-MediaFoundation-h265: 746d11721c4dcdbdad8f713fa42b33f4 -> 
  custom:video-decoder-webm-vp8: 9c59270c3fd7afecdb556c50c9e8de78 -> 
  custom:audio-decoder-ogg-vorbis: bf7c407c2cedff20999df2af8eb42d56 -> 
  custom:audio-encoder-webm-vorbis: bf7c407c2cedff20999df2af8eb42d56 -> 
========================================================================
Received Prepare
Registering precompiled user dll's ...
Registered in 0.002768 seconds.
Begin MonoManager ReloadAssembly
Native extension for WindowsStandalone target not found
Native extension for WebGL target not found
Refreshing native plugins compatible for Editor in 0.67 ms, found 2 plugins.
Preloading 0 native plugins for Editor in 0.00 ms.
Mono: successfully reloaded assembly
- Completed reload, in  0.933 seconds
Domain Reload Profiling:
	ReloadAssembly (934ms)
		BeginReloadAssembly (112ms)
			ExecutionOrderSort (0ms)
			DisableScriptedObjects (4ms)
			BackupInstance (0ms)
			ReleaseScriptingObjects (0ms)
			CreateAndSetChildDomain (38ms)
		EndReloadAssembly (756ms)
			LoadAssemblies (82ms)
			RebuildTransferFunctionScriptingTraits (0ms)
			SetupTypeCache (287ms)
			ReleaseScriptCaches (1ms)
			RebuildScriptCaches (37ms)
			SetupLoadedEditorAssemblies (265ms)
				LogAssemblyErrors (0ms)
				InitializePlatformSupportModulesInManaged (5ms)
				SetLoadedEditorAssemblies (1ms)
				RefreshPlugins (1ms)
				BeforeProcessingInitializeOnLoad (77ms)
				ProcessInitializeOnLoadAttributes (167ms)
				ProcessInitializeOnLoadMethodAttributes (8ms)
				AfterProcessingInitializeOnLoad (6ms)
				EditorAssembliesLoaded (0ms)
			ExecutionOrderSort2 (0ms)
			AwakeInstancesAfterBackupRestoration (6ms)
Platform modules already initialized, skipping
Refreshing native plugins compatible for Editor in 0.57 ms, found 2 plugins.
Preloading 0 native plugins for Editor in 0.00 ms.
Unloading 1505 Unused Serialized files (Serialized files now loaded: 0)
System memory in use before: 71.3 MB.
System memory in use after: 71.4 MB.

Unloading 14 unused Assets to reduce memory usage. Loaded Objects now: 2003.
Total: 4.200800 ms (FindLiveObjects: 0.385100 ms CreateObjectMapping: 0.045400 ms MarkObjects: 3.738200 ms  DeleteObjects: 0.028000 ms)

AssetImportParameters requested are different than current active one (requested -> active):
  custom:framework-win-MediaFoundation: 216162199b28c13a410421893ffa2e32 -> 
  custom:video-decoder-ogg-theora: a1e56fd34408186e4bbccfd4996cb3dc -> 
  custom:container-muxer-webm: aa71ff27fc2769a1b78a27578f13a17b -> 
  custom:container-demuxer-webm: 4f35f7cbe854078d1ac9338744f61a02 -> 
  custom:container-demuxer-ogg: 62fdf1f143b41e24485cea50d1cbac27 -> 
  custom:video-encoder-webm-vp8: eb34c28f22e8b96e1ab97ce403110664 -> 
  custom:video-codec-MediaFoundation-h265: 746d11721c4dcdbdad8f713fa42b33f4 -> 
  custom:video-decoder-webm-vp8: 9c59270c3fd7afecdb556c50c9e8de78 -> 
  custom:audio-decoder-ogg-vorbis: bf7c407c2cedff20999df2af8eb42d56 -> 
  custom:audio-encoder-webm-vorbis: bf7c407c2cedff20999df2af8eb42d56 -> 
========================================================================
Received Prepare
Registering precompiled user dll's ...
Registered in 0.002481 seconds.
Begin MonoManager ReloadAssembly
Native extension for WindowsStandalone target not found
Native extension for WebGL target not found
Refreshing native plugins compatible for Editor in 0.47 ms, found 2 plugins.
Preloading 0 native plugins for Editor in 0.00 ms.
Mono: successfully reloaded assembly
- Completed reload, in  0.977 seconds
Domain Reload Profiling:
	ReloadAssembly (978ms)
		BeginReloadAssembly (114ms)
			ExecutionOrderSort (0ms)
			DisableScriptedObjects (7ms)
			BackupInstance (0ms)
			ReleaseScriptingObjects (0ms)
			CreateAndSetChildDomain (34ms)
		EndReloadAssembly (800ms)
			LoadAssemblies (86ms)
			RebuildTransferFunctionScriptingTraits (0ms)
			SetupTypeCache (282ms)
			ReleaseScriptCaches (1ms)
			RebuildScriptCaches (40ms)
			SetupLoadedEditorAssemblies (298ms)
				LogAssemblyErrors (0ms)
				InitializePlatformSupportModulesInManaged (6ms)
				SetLoadedEditorAssemblies (0ms)
				RefreshPlugins (1ms)
				BeforeProcessingInitializeOnLoad (78ms)
				ProcessInitializeOnLoadAttributes (197ms)
				ProcessInitializeOnLoadMethodAttributes (9ms)
				AfterProcessingInitializeOnLoad (7ms)
				EditorAssembliesLoaded (1ms)
			ExecutionOrderSort2 (0ms)
			AwakeInstancesAfterBackupRestoration (7ms)
Platform modules already initialized, skipping
Refreshing native plugins compatible for Editor in 0.82 ms, found 2 plugins.
Preloading 0 native plugins for Editor in 0.00 ms.
Unloading 1505 Unused Serialized files (Serialized files now loaded: 0)
System memory in use before: 71.3 MB.
System memory in use after: 71.4 MB.

Unloading 14 unused Assets to reduce memory usage. Loaded Objects now: 2005.
Total: 5.448300 ms (FindLiveObjects: 0.734400 ms CreateObjectMapping: 0.094000 ms MarkObjects: 4.583500 ms  DeleteObjects: 0.031300 ms)

AssetImportParameters requested are different than current active one (requested -> active):
  custom:framework-win-MediaFoundation: 216162199b28c13a410421893ffa2e32 -> 
  custom:video-decoder-ogg-theora: a1e56fd34408186e4bbccfd4996cb3dc -> 
  custom:container-muxer-webm: aa71ff27fc2769a1b78a27578f13a17b -> 
  custom:container-demuxer-webm: 4f35f7cbe854078d1ac9338744f61a02 -> 
  custom:container-demuxer-ogg: 62fdf1f143b41e24485cea50d1cbac27 -> 
  custom:video-encoder-webm-vp8: eb34c28f22e8b96e1ab97ce403110664 -> 
  custom:video-codec-MediaFoundation-h265: 746d11721c4dcdbdad8f713fa42b33f4 -> 
  custom:video-decoder-webm-vp8: 9c59270c3fd7afecdb556c50c9e8de78 -> 
  custom:audio-decoder-ogg-vorbis: bf7c407c2cedff20999df2af8eb42d56 -> 
  custom:audio-encoder-webm-vorbis: bf7c407c2cedff20999df2af8eb42d56 -> 
========================================================================
Received Prepare
Registering precompiled user dll's ...
Registered in 0.002613 seconds.
Begin MonoManager ReloadAssembly
Native extension for WindowsStandalone target not found
Native extension for WebGL target not found
Refreshing native plugins compatible for Editor in 0.48 ms, found 2 plugins.
Preloading 0 native plugins for Editor in 0.00 ms.
Mono: successfully reloaded assembly
- Completed reload, in  0.938 seconds
Domain Reload Profiling:
	ReloadAssembly (939ms)
		BeginReloadAssembly (119ms)
			ExecutionOrderSort (0ms)
			DisableScriptedObjects (4ms)
			BackupInstance (0ms)
			ReleaseScriptingObjects (0ms)
			CreateAndSetChildDomain (37ms)
		EndReloadAssembly (757ms)
			LoadAssemblies (80ms)
			RebuildTransferFunctionScriptingTraits (0ms)
			SetupTypeCache (278ms)
			ReleaseScriptCaches (1ms)
			RebuildScriptCaches (41ms)
			SetupLoadedEditorAssemblies (265ms)
				LogAssemblyErrors (0ms)
				InitializePlatformSupportModulesInManaged (5ms)
				SetLoadedEditorAssemblies (1ms)
				RefreshPlugins (1ms)
				BeforeProcessingInitializeOnLoad (74ms)
				ProcessInitializeOnLoadAttributes (169ms)
				ProcessInitializeOnLoadMethodAttributes (9ms)
				AfterProcessingInitializeOnLoad (6ms)
				EditorAssembliesLoaded (0ms)
			ExecutionOrderSort2 (0ms)
			AwakeInstancesAfterBackupRestoration (7ms)
Platform modules already initialized, skipping
Refreshing native plugins compatible for Editor in 0.61 ms, found 2 plugins.
Preloading 0 native plugins for Editor in 0.00 ms.
Unloading 1505 Unused Serialized files (Serialized files now loaded: 0)
System memory in use before: 71.3 MB.
System memory in use after: 71.4 MB.

Unloading 14 unused Assets to reduce memory usage. Loaded Objects now: 2007.
Total: 3.680400 ms (FindLiveObjects: 0.372600 ms CreateObjectMapping: 0.074600 ms MarkObjects: 3.209200 ms  DeleteObjects: 0.022000 ms)

AssetImportParameters requested are different than current active one (requested -> active):
  custom:framework-win-MediaFoundation: 216162199b28c13a410421893ffa2e32 -> 
  custom:video-decoder-ogg-theora: a1e56fd34408186e4bbccfd4996cb3dc -> 
  custom:container-muxer-webm: aa71ff27fc2769a1b78a27578f13a17b -> 
  custom:container-demuxer-webm: 4f35f7cbe854078d1ac9338744f61a02 -> 
  custom:container-demuxer-ogg: 62fdf1f143b41e24485cea50d1cbac27 -> 
  custom:video-encoder-webm-vp8: eb34c28f22e8b96e1ab97ce403110664 -> 
  custom:video-codec-MediaFoundation-h265: 746d11721c4dcdbdad8f713fa42b33f4 -> 
  custom:video-decoder-webm-vp8: 9c59270c3fd7afecdb556c50c9e8de78 -> 
  custom:audio-decoder-ogg-vorbis: bf7c407c2cedff20999df2af8eb42d56 -> 
  custom:audio-encoder-webm-vorbis: bf7c407c2cedff20999df2af8eb42d56 -> 
========================================================================
Received Prepare
Registering precompiled user dll's ...
Registered in 0.002393 seconds.
Begin MonoManager ReloadAssembly
Native extension for WindowsStandalone target not found
Native extension for WebGL target not found
Refreshing native plugins compatible for Editor in 0.44 ms, found 2 plugins.
Preloading 0 native plugins for Editor in 0.00 ms.
Mono: successfully reloaded assembly
- Completed reload, in  1.240 seconds
Domain Reload Profiling:
	ReloadAssembly (1242ms)
		BeginReloadAssembly (191ms)
			ExecutionOrderSort (0ms)
			DisableScriptedObjects (9ms)
			BackupInstance (0ms)
			ReleaseScriptingObjects (0ms)
			CreateAndSetChildDomain (67ms)
		EndReloadAssembly (966ms)
			LoadAssemblies (142ms)
			RebuildTransferFunctionScriptingTraits (0ms)
			SetupTypeCache (392ms)
			ReleaseScriptCaches (1ms)
			RebuildScriptCaches (52ms)
			SetupLoadedEditorAssemblies (283ms)
				LogAssemblyErrors (0ms)
				InitializePlatformSupportModulesInManaged (7ms)
				SetLoadedEditorAssemblies (1ms)
				RefreshPlugins (1ms)
				BeforeProcessingInitializeOnLoad (83ms)
				ProcessInitializeOnLoadAttributes (178ms)
				ProcessInitializeOnLoadMethodAttributes (8ms)
				AfterProcessingInitializeOnLoad (6ms)
				EditorAssembliesLoaded (0ms)
			ExecutionOrderSort2 (0ms)
			AwakeInstancesAfterBackupRestoration (7ms)
Platform modules already initialized, skipping
Refreshing native plugins compatible for Editor in 0.63 ms, found 2 plugins.
Preloading 0 native plugins for Editor in 0.00 ms.
Unloading 1505 Unused Serialized files (Serialized files now loaded: 0)
System memory in use before: 71.3 MB.
System memory in use after: 71.4 MB.

Unloading 14 unused Assets to reduce memory usage. Loaded Objects now: 2009.
Total: 3.659100 ms (FindLiveObjects: 0.292100 ms CreateObjectMapping: 0.051400 ms MarkObjects: 3.285300 ms  DeleteObjects: 0.028300 ms)

AssetImportParameters requested are different than current active one (requested -> active):
  custom:framework-win-MediaFoundation: 216162199b28c13a410421893ffa2e32 -> 
  custom:video-decoder-ogg-theora: a1e56fd34408186e4bbccfd4996cb3dc -> 
  custom:container-muxer-webm: aa71ff27fc2769a1b78a27578f13a17b -> 
  custom:container-demuxer-webm: 4f35f7cbe854078d1ac9338744f61a02 -> 
  custom:container-demuxer-ogg: 62fdf1f143b41e24485cea50d1cbac27 -> 
  custom:video-encoder-webm-vp8: eb34c28f22e8b96e1ab97ce403110664 -> 
  custom:video-codec-MediaFoundation-h265: 746d11721c4dcdbdad8f713fa42b33f4 -> 
  custom:video-decoder-webm-vp8: 9c59270c3fd7afecdb556c50c9e8de78 -> 
  custom:audio-decoder-ogg-vorbis: bf7c407c2cedff20999df2af8eb42d56 -> 
  custom:audio-encoder-webm-vorbis: bf7c407c2cedff20999df2af8eb42d56 -> 
========================================================================
Received Prepare
Registering precompiled user dll's ...
Registered in 0.002716 seconds.
Begin MonoManager ReloadAssembly
Native extension for WindowsStandalone target not found
Native extension for WebGL target not found
Refreshing native plugins compatible for Editor in 0.60 ms, found 2 plugins.
Preloading 0 native plugins for Editor in 0.00 ms.
Mono: successfully reloaded assembly
- Completed reload, in  0.942 seconds
Domain Reload Profiling:
	ReloadAssembly (943ms)
		BeginReloadAssembly (111ms)
			ExecutionOrderSort (0ms)
			DisableScriptedObjects (4ms)
			BackupInstance (0ms)
			ReleaseScriptingObjects (0ms)
			CreateAndSetChildDomain (35ms)
		EndReloadAssembly (768ms)
			LoadAssemblies (85ms)
			RebuildTransferFunctionScriptingTraits (0ms)
			SetupTypeCache (281ms)
			ReleaseScriptCaches (1ms)
			RebuildScriptCaches (40ms)
			SetupLoadedEditorAssemblies (264ms)
				LogAssemblyErrors (0ms)
				InitializePlatformSupportModulesInManaged (6ms)
				SetLoadedEditorAssemblies (0ms)
				RefreshPlugins (1ms)
				BeforeProcessingInitializeOnLoad (76ms)
				ProcessInitializeOnLoadAttributes (166ms)
				ProcessInitializeOnLoadMethodAttributes (9ms)
				AfterProcessingInitializeOnLoad (6ms)
				EditorAssembliesLoaded (0ms)
			ExecutionOrderSort2 (0ms)
			AwakeInstancesAfterBackupRestoration (6ms)
Platform modules already initialized, skipping
Refreshing native plugins compatible for Editor in 0.40 ms, found 2 plugins.
Preloading 0 native plugins for Editor in 0.00 ms.
Unloading 1505 Unused Serialized files (Serialized files now loaded: 0)
System memory in use before: 71.3 MB.
System memory in use after: 71.4 MB.

Unloading 14 unused Assets to reduce memory usage. Loaded Objects now: 2011.
Total: 3.312600 ms (FindLiveObjects: 0.453400 ms CreateObjectMapping: 0.070200 ms MarkObjects: 2.755100 ms  DeleteObjects: 0.029500 ms)

AssetImportParameters requested are different than current active one (requested -> active):
  custom:framework-win-MediaFoundation: 216162199b28c13a410421893ffa2e32 -> 
  custom:video-decoder-ogg-theora: a1e56fd34408186e4bbccfd4996cb3dc -> 
  custom:container-muxer-webm: aa71ff27fc2769a1b78a27578f13a17b -> 
  custom:container-demuxer-webm: 4f35f7cbe854078d1ac9338744f61a02 -> 
  custom:container-demuxer-ogg: 62fdf1f143b41e24485cea50d1cbac27 -> 
  custom:video-encoder-webm-vp8: eb34c28f22e8b96e1ab97ce403110664 -> 
  custom:video-codec-MediaFoundation-h265: 746d11721c4dcdbdad8f713fa42b33f4 -> 
  custom:video-decoder-webm-vp8: 9c59270c3fd7afecdb556c50c9e8de78 -> 
  custom:audio-decoder-ogg-vorbis: bf7c407c2cedff20999df2af8eb42d56 -> 
  custom:audio-encoder-webm-vorbis: bf7c407c2cedff20999df2af8eb42d56 -> 
========================================================================
Received Prepare
Registering precompiled user dll's ...
Registered in 0.002462 seconds.
Begin MonoManager ReloadAssembly
Native extension for WindowsStandalone target not found
Native extension for WebGL target not found
Refreshing native plugins compatible for Editor in 0.78 ms, found 2 plugins.
Preloading 0 native plugins for Editor in 0.00 ms.
Mono: successfully reloaded assembly
- Completed reload, in  0.880 seconds
Domain Reload Profiling:
	ReloadAssembly (880ms)
		BeginReloadAssembly (101ms)
			ExecutionOrderSort (0ms)
			DisableScriptedObjects (5ms)
			BackupInstance (0ms)
			ReleaseScriptingObjects (0ms)
			CreateAndSetChildDomain (33ms)
		EndReloadAssembly (721ms)
			LoadAssemblies (76ms)
			RebuildTransferFunctionScriptingTraits (0ms)
			SetupTypeCache (261ms)
			ReleaseScriptCaches (1ms)
			RebuildScriptCaches (35ms)
			SetupLoadedEditorAssemblies (259ms)
				LogAssemblyErrors (0ms)
				InitializePlatformSupportModulesInManaged (5ms)
				SetLoadedEditorAssemblies (1ms)
				RefreshPlugins (1ms)
				BeforeProcessingInitializeOnLoad (75ms)
				ProcessInitializeOnLoadAttributes (161ms)
				ProcessInitializeOnLoadMethodAttributes (9ms)
				AfterProcessingInitializeOnLoad (6ms)
				EditorAssembliesLoaded (0ms)
			ExecutionOrderSort2 (0ms)
			AwakeInstancesAfterBackupRestoration (7ms)
Platform modules already initialized, skipping
Refreshing native plugins compatible for Editor in 0.37 ms, found 2 plugins.
Preloading 0 native plugins for Editor in 0.00 ms.
Unloading 1505 Unused Serialized files (Serialized files now loaded: 0)
System memory in use before: 71.3 MB.
System memory in use after: 71.4 MB.

Unloading 14 unused Assets to reduce memory usage. Loaded Objects now: 2013.
Total: 3.838300 ms (FindLiveObjects: 0.236000 ms CreateObjectMapping: 0.039400 ms MarkObjects: 3.535900 ms  DeleteObjects: 0.025000 ms)

AssetImportParameters requested are different than current active one (requested -> active):
  custom:framework-win-MediaFoundation: 216162199b28c13a410421893ffa2e32 -> 
  custom:video-decoder-ogg-theora: a1e56fd34408186e4bbccfd4996cb3dc -> 
  custom:container-muxer-webm: aa71ff27fc2769a1b78a27578f13a17b -> 
  custom:container-demuxer-webm: 4f35f7cbe854078d1ac9338744f61a02 -> 
  custom:container-demuxer-ogg: 62fdf1f143b41e24485cea50d1cbac27 -> 
  custom:video-encoder-webm-vp8: eb34c28f22e8b96e1ab97ce403110664 -> 
  custom:video-codec-MediaFoundation-h265: 746d11721c4dcdbdad8f713fa42b33f4 -> 
  custom:video-decoder-webm-vp8: 9c59270c3fd7afecdb556c50c9e8de78 -> 
  custom:audio-decoder-ogg-vorbis: bf7c407c2cedff20999df2af8eb42d56 -> 
  custom:audio-encoder-webm-vorbis: bf7c407c2cedff20999df2af8eb42d56 -> 
========================================================================
Received Prepare
Registering precompiled user dll's ...
Registered in 0.003197 seconds.
Begin MonoManager ReloadAssembly
Native extension for WindowsStandalone target not found
Native extension for WebGL target not found
Refreshing native plugins compatible for Editor in 0.62 ms, found 2 plugins.
Preloading 0 native plugins for Editor in 0.00 ms.
Mono: successfully reloaded assembly
- Completed reload, in  1.032 seconds
Domain Reload Profiling:
	ReloadAssembly (1033ms)
		BeginReloadAssembly (118ms)
			ExecutionOrderSort (0ms)
			DisableScriptedObjects (5ms)
			BackupInstance (0ms)
			ReleaseScriptingObjects (0ms)
			CreateAndSetChildDomain (42ms)
		EndReloadAssembly (843ms)
			LoadAssemblies (94ms)
			RebuildTransferFunctionScriptingTraits (0ms)
			SetupTypeCache (304ms)
			ReleaseScriptCaches (1ms)
			RebuildScriptCaches (41ms)
			SetupLoadedEditorAssemblies (305ms)
				LogAssemblyErrors (0ms)
				InitializePlatformSupportModulesInManaged (6ms)
				SetLoadedEditorAssemblies (1ms)
				RefreshPlugins (1ms)
				BeforeProcessingInitializeOnLoad (81ms)
				ProcessInitializeOnLoadAttributes (201ms)
				ProcessInitializeOnLoadMethodAttributes (9ms)
				AfterProcessingInitializeOnLoad (6ms)
				EditorAssembliesLoaded (0ms)
			ExecutionOrderSort2 (0ms)
			AwakeInstancesAfterBackupRestoration (7ms)
Platform modules already initialized, skipping
Refreshing native plugins compatible for Editor in 0.80 ms, found 2 plugins.
Preloading 0 native plugins for Editor in 0.00 ms.
Unloading 1505 Unused Serialized files (Serialized files now loaded: 0)
System memory in use before: 71.3 MB.
System memory in use after: 71.4 MB.

Unloading 14 unused Assets to reduce memory usage. Loaded Objects now: 2015.
Total: 4.218400 ms (FindLiveObjects: 0.506200 ms CreateObjectMapping: 0.035500 ms MarkObjects: 3.652100 ms  DeleteObjects: 0.021500 ms)

AssetImportParameters requested are different than current active one (requested -> active):
  custom:framework-win-MediaFoundation: 216162199b28c13a410421893ffa2e32 -> 
  custom:video-decoder-ogg-theora: a1e56fd34408186e4bbccfd4996cb3dc -> 
  custom:container-muxer-webm: aa71ff27fc2769a1b78a27578f13a17b -> 
  custom:container-demuxer-webm: 4f35f7cbe854078d1ac9338744f61a02 -> 
  custom:container-demuxer-ogg: 62fdf1f143b41e24485cea50d1cbac27 -> 
  custom:video-encoder-webm-vp8: eb34c28f22e8b96e1ab97ce403110664 -> 
  custom:video-codec-MediaFoundation-h265: 746d11721c4dcdbdad8f713fa42b33f4 -> 
  custom:video-decoder-webm-vp8: 9c59270c3fd7afecdb556c50c9e8de78 -> 
  custom:audio-decoder-ogg-vorbis: bf7c407c2cedff20999df2af8eb42d56 -> 
  custom:audio-encoder-webm-vorbis: bf7c407c2cedff20999df2af8eb42d56 -> 
========================================================================
Received Prepare
Registering precompiled user dll's ...
Registered in 0.002805 seconds.
Begin MonoManager ReloadAssembly
Native extension for WindowsStandalone target not found
Native extension for WebGL target not found
Refreshing native plugins compatible for Editor in 0.38 ms, found 2 plugins.
Preloading 0 native plugins for Editor in 0.00 ms.
Mono: successfully reloaded assembly
- Completed reload, in  0.849 seconds
Domain Reload Profiling:
	ReloadAssembly (849ms)
		BeginReloadAssembly (103ms)
			ExecutionOrderSort (0ms)
			DisableScriptedObjects (4ms)
			BackupInstance (0ms)
			ReleaseScriptingObjects (0ms)
			CreateAndSetChildDomain (31ms)
		EndReloadAssembly (688ms)
			LoadAssemblies (73ms)
			RebuildTransferFunctionScriptingTraits (0ms)
			SetupTypeCache (246ms)
			ReleaseScriptCaches (1ms)
			RebuildScriptCaches (35ms)
			SetupLoadedEditorAssemblies (247ms)
				LogAssemblyErrors (0ms)
				InitializePlatformSupportModulesInManaged (5ms)
				SetLoadedEditorAssemblies (0ms)
				RefreshPlugins (0ms)
				BeforeProcessingInitializeOnLoad (65ms)
				ProcessInitializeOnLoadAttributes (162ms)
				ProcessInitializeOnLoadMethodAttributes (8ms)
				AfterProcessingInitializeOnLoad (6ms)
				EditorAssembliesLoaded (0ms)
			ExecutionOrderSort2 (0ms)
			AwakeInstancesAfterBackupRestoration (6ms)
Platform modules already initialized, skipping
Refreshing native plugins compatible for Editor in 0.42 ms, found 2 plugins.
Preloading 0 native plugins for Editor in 0.00 ms.
Unloading 1505 Unused Serialized files (Serialized files now loaded: 0)
System memory in use before: 71.3 MB.
System memory in use after: 71.4 MB.

Unloading 14 unused Assets to reduce memory usage. Loaded Objects now: 2017.
Total: 3.438500 ms (FindLiveObjects: 0.210000 ms CreateObjectMapping: 0.030800 ms MarkObjects: 3.170800 ms  DeleteObjects: 0.025300 ms)

AssetImportParameters requested are different than current active one (requested -> active):
  custom:framework-win-MediaFoundation: 216162199b28c13a410421893ffa2e32 -> 
  custom:video-decoder-ogg-theora: a1e56fd34408186e4bbccfd4996cb3dc -> 
  custom:container-muxer-webm: aa71ff27fc2769a1b78a27578f13a17b -> 
  custom:container-demuxer-webm: 4f35f7cbe854078d1ac9338744f61a02 -> 
  custom:container-demuxer-ogg: 62fdf1f143b41e24485cea50d1cbac27 -> 
  custom:video-encoder-webm-vp8: eb34c28f22e8b96e1ab97ce403110664 -> 
  custom:video-codec-MediaFoundation-h265: 746d11721c4dcdbdad8f713fa42b33f4 -> 
  custom:video-decoder-webm-vp8: 9c59270c3fd7afecdb556c50c9e8de78 -> 
  custom:audio-decoder-ogg-vorbis: bf7c407c2cedff20999df2af8eb42d56 -> 
  custom:audio-encoder-webm-vorbis: bf7c407c2cedff20999df2af8eb42d56 -> 
========================================================================
Received Prepare
Registering precompiled user dll's ...
Registered in 0.002365 seconds.
Begin MonoManager ReloadAssembly
Native extension for WindowsStandalone target not found
Native extension for WebGL target not found
Refreshing native plugins compatible for Editor in 0.39 ms, found 2 plugins.
Preloading 0 native plugins for Editor in 0.00 ms.
Mono: successfully reloaded assembly
- Completed reload, in  0.892 seconds
Domain Reload Profiling:
	ReloadAssembly (893ms)
		BeginReloadAssembly (105ms)
			ExecutionOrderSort (0ms)
			DisableScriptedObjects (4ms)
			BackupInstance (0ms)
			ReleaseScriptingObjects (0ms)
			CreateAndSetChildDomain (31ms)
		EndReloadAssembly (730ms)
			LoadAssemblies (78ms)
			RebuildTransferFunctionScriptingTraits (0ms)
			SetupTypeCache (259ms)
			ReleaseScriptCaches (1ms)
			RebuildScriptCaches (38ms)
			SetupLoadedEditorAssemblies (264ms)
				LogAssemblyErrors (0ms)
				InitializePlatformSupportModulesInManaged (6ms)
				SetLoadedEditorAssemblies (0ms)
				RefreshPlugins (0ms)
				BeforeProcessingInitializeOnLoad (71ms)
				ProcessInitializeOnLoadAttributes (172ms)
				ProcessInitializeOnLoadMethodAttributes (8ms)
				AfterProcessingInitializeOnLoad (6ms)
				EditorAssembliesLoaded (0ms)
			ExecutionOrderSort2 (0ms)
			AwakeInstancesAfterBackupRestoration (7ms)
Platform modules already initialized, skipping
Refreshing native plugins compatible for Editor in 0.37 ms, found 2 plugins.
Preloading 0 native plugins for Editor in 0.00 ms.
Unloading 1505 Unused Serialized files (Serialized files now loaded: 0)
System memory in use before: 71.3 MB.
System memory in use after: 71.4 MB.

Unloading 14 unused Assets to reduce memory usage. Loaded Objects now: 2019.
Total: 2.946900 ms (FindLiveObjects: 0.245600 ms CreateObjectMapping: 0.062000 ms MarkObjects: 2.607700 ms  DeleteObjects: 0.029800 ms)

AssetImportParameters requested are different than current active one (requested -> active):
  custom:framework-win-MediaFoundation: 216162199b28c13a410421893ffa2e32 -> 
  custom:video-decoder-ogg-theora: a1e56fd34408186e4bbccfd4996cb3dc -> 
  custom:container-muxer-webm: aa71ff27fc2769a1b78a27578f13a17b -> 
  custom:container-demuxer-webm: 4f35f7cbe854078d1ac9338744f61a02 -> 
  custom:container-demuxer-ogg: 62fdf1f143b41e24485cea50d1cbac27 -> 
  custom:video-encoder-webm-vp8: eb34c28f22e8b96e1ab97ce403110664 -> 
  custom:video-codec-MediaFoundation-h265: 746d11721c4dcdbdad8f713fa42b33f4 -> 
  custom:video-decoder-webm-vp8: 9c59270c3fd7afecdb556c50c9e8de78 -> 
  custom:audio-decoder-ogg-vorbis: bf7c407c2cedff20999df2af8eb42d56 -> 
  custom:audio-encoder-webm-vorbis: bf7c407c2cedff20999df2af8eb42d56 -> 
========================================================================
Received Prepare
Registering precompiled user dll's ...
Registered in 0.003234 seconds.
Begin MonoManager ReloadAssembly
Native extension for WindowsStandalone target not found
Native extension for WebGL target not found
Refreshing native plugins compatible for Editor in 0.70 ms, found 2 plugins.
Preloading 0 native plugins for Editor in 0.00 ms.
Mono: successfully reloaded assembly
- Completed reload, in  1.072 seconds
Domain Reload Profiling:
	ReloadAssembly (1073ms)
		BeginReloadAssembly (132ms)
			ExecutionOrderSort (0ms)
			DisableScriptedObjects (5ms)
			BackupInstance (0ms)
			ReleaseScriptingObjects (0ms)
			CreateAndSetChildDomain (43ms)
		EndReloadAssembly (859ms)
			LoadAssemblies (110ms)
			RebuildTransferFunctionScriptingTraits (0ms)
			SetupTypeCache (322ms)
			ReleaseScriptCaches (1ms)
			RebuildScriptCaches (41ms)
			SetupLoadedEditorAssemblies (293ms)
				LogAssemblyErrors (0ms)
				InitializePlatformSupportModulesInManaged (6ms)
				SetLoadedEditorAssemblies (1ms)
				RefreshPlugins (1ms)
				BeforeProcessingInitializeOnLoad (85ms)
				ProcessInitializeOnLoadAttributes (182ms)
				ProcessInitializeOnLoadMethodAttributes (10ms)
				AfterProcessingInitializeOnLoad (7ms)
				EditorAssembliesLoaded (1ms)
			ExecutionOrderSort2 (0ms)
			AwakeInstancesAfterBackupRestoration (8ms)
Platform modules already initialized, skipping
Refreshing native plugins compatible for Editor in 0.58 ms, found 2 plugins.
Preloading 0 native plugins for Editor in 0.00 ms.
Unloading 1505 Unused Serialized files (Serialized files now loaded: 0)
System memory in use before: 71.3 MB.
System memory in use after: 71.4 MB.

Unloading 14 unused Assets to reduce memory usage. Loaded Objects now: 2021.
Total: 6.046300 ms (FindLiveObjects: 0.424300 ms CreateObjectMapping: 0.067300 ms MarkObjects: 5.516300 ms  DeleteObjects: 0.035800 ms)

AssetImportParameters requested are different than current active one (requested -> active):
  custom:framework-win-MediaFoundation: 216162199b28c13a410421893ffa2e32 -> 
  custom:video-decoder-ogg-theora: a1e56fd34408186e4bbccfd4996cb3dc -> 
  custom:container-muxer-webm: aa71ff27fc2769a1b78a27578f13a17b -> 
  custom:container-demuxer-webm: 4f35f7cbe854078d1ac9338744f61a02 -> 
  custom:container-demuxer-ogg: 62fdf1f143b41e24485cea50d1cbac27 -> 
  custom:video-encoder-webm-vp8: eb34c28f22e8b96e1ab97ce403110664 -> 
  custom:video-codec-MediaFoundation-h265: 746d11721c4dcdbdad8f713fa42b33f4 -> 
  custom:video-decoder-webm-vp8: 9c59270c3fd7afecdb556c50c9e8de78 -> 
  custom:audio-decoder-ogg-vorbis: bf7c407c2cedff20999df2af8eb42d56 -> 
  custom:audio-encoder-webm-vorbis: bf7c407c2cedff20999df2af8eb42d56 -> 
========================================================================
Received Import Request.
  Time since last request: 1371.198061 seconds.
  path: Assets/MyEnemy.cs
  artifactKey: Guid(c6a3e0e3510c5894e8d650b22328a6c4) Importer(815301076,1909f56bfc062723c751e8b465ee728b)
Start importing Assets/MyEnemy.cs using Guid(c6a3e0e3510c5894e8d650b22328a6c4) Importer(815301076,1909f56bfc062723c751e8b465ee728b)  -> (artifact id: '07f06ac2ab70aa8e66925adba2c6f5fd') in 0.009154 seconds 
  Import took 0.012606 seconds .

AssetImportWorkerClient::OnTransportError - code=2 error=End of file
